<?xml version="1.0" encoding="UTF-8"?>
<!-- Generated by org.testng.reporters.JUnitReportReporter -->
<testsuite hostname="Mandeep" failures="0" tests="6" name="api.test.UserTestDD" time="1.491" errors="0" timestamp="2023-11-08T15:17:27 GMT-05:00" skipped="0">
  <testcase classname="api.test.UserTestDD" name="testCreateUser" time="0.256"/>
  <testcase classname="api.test.UserTestDD" name="testCreateUser" time="0.278"/>
  <testcase classname="api.test.UserTestDD" name="testGetUserData" time="0.284"/>
  <testcase classname="api.test.UserTestDD" name="testGetUserData" time="0.234"/>
  <testcase classname="api.test.UserTestDD" name="testDeleteUser" time="0.244"/>
  <testcase classname="api.test.UserTestDD" name="testDeleteUser" time="0.195"/>
</testsuite> <!-- api.test.UserTestDD -->
