<?xml version="1.0" encoding="UTF-8"?>
<!-- Generated by org.testng.reporters.JUnitReportReporter -->
<testsuite hostname="Mandeep" failures="0" tests="4" name="api.test.UserTests" time="5.099" errors="0" timestamp="2023-11-08T15:17:27 GMT-05:00" skipped="0">
  <testcase classname="api.test.UserTests" name="testPostUser" time="4.190"/>
  <testcase classname="api.test.UserTests" name="testGetUserByName" time="0.259"/>
  <testcase classname="api.test.UserTests" name="testUpdateUserByName" time="0.440"/>
  <testcase classname="api.test.UserTests" name="testDeleteUserByName" time="0.210"/>
</testsuite> <!-- api.test.UserTests -->
