<?xml version="1.0" encoding="UTF-8"?>
<!-- Generated by org.testng.reporters.JUnitReportReporter -->
<testsuite hostname="Mandeep" failures="0" tests="4" name="api.test.UserTestsProp" time="4.788" errors="0" timestamp="2023-11-08T01:31:48 GMT-05:00" skipped="0">
  <testcase classname="api.test.UserTestsProp" name="testCreateUser" time="3.924"/>
  <testcase classname="api.test.UserTestsProp" name="testGetUserData" time="0.232"/>
  <testcase classname="api.test.UserTestsProp" name="testUpdateUser" time="0.430"/>
  <testcase classname="api.test.UserTestsProp" name="testDeleteUser" time="0.202"/>
</testsuite> <!-- api.test.UserTestsProp -->
