<?xml version="1.0" encoding="UTF-8"?>
<!-- Generated by org.testng.reporters.JUnitReportReporter -->
<testsuite hostname="Mandeep" failures="0" tests="6" name="api.test.UserTestDD" time="1.309" errors="0" timestamp="2023-11-08T15:21:05 GMT-05:00" skipped="0">
  <testcase classname="api.test.UserTestDD" name="testCreateUser" time="0.225"/>
  <testcase classname="api.test.UserTestDD" name="testCreateUser" time="0.241"/>
  <testcase classname="api.test.UserTestDD" name="testGetUserData" time="0.242"/>
  <testcase classname="api.test.UserTestDD" name="testGetUserData" time="0.193"/>
  <testcase classname="api.test.UserTestDD" name="testDeleteUser" time="0.211"/>
  <testcase classname="api.test.UserTestDD" name="testDeleteUser" time="0.197"/>
</testsuite> <!-- api.test.UserTestDD -->
