<?xml version="1.0" encoding="UTF-8"?>
<!-- Generated by org.testng.reporters.JUnitReportReporter -->
<testsuite hostname="Mandeep" failures="0" tests="4" name="api.test.UserTests" time="4.776" errors="0" timestamp="2023-11-08T15:21:05 GMT-05:00" skipped="0">
  <testcase classname="api.test.UserTests" name="testPostUser" time="3.858"/>
  <testcase classname="api.test.UserTests" name="testGetUserByName" time="0.274"/>
  <testcase classname="api.test.UserTests" name="testUpdateUserByName" time="0.422"/>
  <testcase classname="api.test.UserTests" name="testDeleteUserByName" time="0.222"/>
</testsuite> <!-- api.test.UserTests -->
